[ 2017-09-13T09:26:56+08:00 ] 127.0.0.1 /favicon.ico
INFO: [ app_init ] --START--
INFO: Run Behavior\BuildLiteBehavior [ RunTime:0.000012s ]
INFO: [ app_init ] --END-- [ RunTime:0.000493s ]
ERR: 无法加载模块:Favicon

[ 2017-09-13T09:47:12+08:00 ] 127.0.0.1 /favicon.ico
INFO: [ app_init ] --START--
INFO: Run Behavior\BuildLiteBehavior [ RunTime:0.000011s ]
INFO: [ app_init ] --END-- [ RunTime:0.000421s ]
ERR: 无法加载模块:Favicon

[ 2017-09-13T09:47:14+08:00 ] 127.0.0.1 /favicon.ico
INFO: [ app_init ] --START--
INFO: Run Behavior\BuildLiteBehavior [ RunTime:0.000014s ]
INFO: [ app_init ] --END-- [ RunTime:0.000439s ]
ERR: 无法加载模块:Favicon

[ 2017-09-13T12:04:59+08:00 ] 127.0.0.1 /favicon.ico
INFO: [ app_init ] --START--
INFO: Run Behavior\BuildLiteBehavior [ RunTime:0.000008s ]
INFO: [ app_init ] --END-- [ RunTime:0.000285s ]
ERR: 无法加载模块:Favicon

[ 2017-09-13T13:46:08+08:00 ] 127.0.0.1 /favicon.ico
INFO: [ app_init ] --START--
INFO: Run Behavior\BuildLiteBehavior [ RunTime:0.000008s ]
INFO: [ app_init ] --END-- [ RunTime:0.000330s ]
ERR: 无法加载模块:Favicon

[ 2017-09-13T14:17:35+08:00 ] 127.0.0.1 /Public/layer/layer.js
INFO: [ app_init ] --START--
INFO: Run Behavior\BuildLiteBehavior [ RunTime:0.000022s ]
INFO: [ app_init ] --END-- [ RunTime:0.000676s ]
ERR: 无法加载模块:Public

[ 2017-09-13T14:17:36+08:00 ] 127.0.0.1 /Public/layer/layer.js
INFO: [ app_init ] --START--
INFO: Run Behavior\BuildLiteBehavior [ RunTime:0.000015s ]
INFO: [ app_init ] --END-- [ RunTime:0.000524s ]
ERR: 无法加载模块:Public

[ 2017-09-13T14:48:00+08:00 ] 127.0.0.1 /favicon.ico
INFO: [ app_init ] --START--
INFO: Run Behavior\BuildLiteBehavior [ RunTime:0.000011s ]
INFO: [ app_init ] --END-- [ RunTime:0.000311s ]
ERR: 无法加载模块:Favicon

[ 2017-09-13T18:15:32+08:00 ] 127.0.0.1 /favicon.ico
INFO: [ app_init ] --START--
INFO: Run Behavior\BuildLiteBehavior [ RunTime:0.000012s ]
INFO: [ app_init ] --END-- [ RunTime:0.000404s ]
ERR: 无法加载模块:Favicon

