[ 2017-09-19T09:11:38+08:00 ] 127.0.0.1 /Admin/Index/index
INFO: [ app_init ] --START--
INFO: Run Behavior\BuildLiteBehavior [ RunTime:0.000024s ]
INFO: [ app_init ] --END-- [ RunTime:0.001244s ]
INFO: [ app_begin ] --START--
INFO: Run Behavior\ReadHtmlCacheBehavior [ RunTime:0.001074s ]
INFO: [ app_begin ] --END-- [ RunTime:0.001163s ]
SQL: SHOW COLUMNS FROM `fk_auth_group_access` [ RunTime:0.0329s ]
SQL: SELECT `uid`,`group_id`,`title`,`rules` FROM fk_auth_group_access a INNER JOIN fk_auth_group g on a.group_id=g.id  WHERE ( a.uid='94' and g.status='1' )  [ RunTime:0.0048s ]
SQL: SHOW COLUMNS FROM `fk_auth_rule` [ RunTime:0.0201s ]
SQL: SELECT `condition`,`name` FROM `fk_auth_rule` WHERE `id` IN ('126','127','130','131','132','137','133','128','129') AND `type` = 1 AND `status` = 1  [ RunTime:0.0008s ]
NOTIC: [2048] Declaration of Common\Model\AdminNavModel::getTreeData() should be compatible with Common\Model\BaseModel::getTreeData($type = 'tree', $order = '', $name = 'name', $child = 'id', $parent = 'pid') E:\server\fk\Application\Common\Model\AdminNavModel.class.php 第 7 行.
SQL: SHOW COLUMNS FROM `fk_admin_nav` [ RunTime:0.0365s ]
SQL: SELECT * FROM `fk_admin_nav` ORDER BY order_number is null,`order_number`,`id`  [ RunTime:0.0008s ]
SQL: SHOW COLUMNS FROM `fk_users` [ RunTime:0.0179s ]
SQL: SELECT * FROM `fk_users` WHERE ( id=94 ) LIMIT 1   [ RunTime:0.0008s ]
SQL: SHOW COLUMNS FROM `fk_info` [ RunTime:0.0314s ]
SQL: SELECT SUM(num) AS tp_sum FROM `fk_info` WHERE `uid` = 94 AND `type` = 2 LIMIT 1   [ RunTime:0.0004s ]
SQL: SELECT * FROM `fk_users` WHERE ( code=100001 ) LIMIT 1   [ RunTime:0.0004s ]
INFO: [ view_parse ] --START--
INFO: [ template_filter ] --START--
INFO: Run Behavior\ContentReplaceBehavior [ RunTime:0.000228s ]
INFO: [ template_filter ] --END-- [ RunTime:0.000270s ]
INFO: Run Behavior\ParseTemplateBehavior [ RunTime:0.014102s ]
INFO: [ view_parse ] --END-- [ RunTime:0.014150s ]
INFO: [ view_filter ] --START--
INFO: Run Behavior\WriteHtmlCacheBehavior [ RunTime:0.000481s ]
INFO: [ view_filter ] --END-- [ RunTime:0.000517s ]
INFO: [ app_end ] --START--
INFO: Run Behavior\ShowPageTraceBehavior [ RunTime:0.000841s ]
INFO: [ app_end ] --END-- [ RunTime:0.000902s ]

[ 2017-09-19T09:11:42+08:00 ] 127.0.0.1 /Admin/Card/sell
INFO: [ app_init ] --START--
INFO: Run Behavior\BuildLiteBehavior [ RunTime:0.000009s ]
INFO: [ app_init ] --END-- [ RunTime:0.000429s ]
INFO: [ app_begin ] --START--
INFO: Run Behavior\ReadHtmlCacheBehavior [ RunTime:0.000418s ]
INFO: [ app_begin ] --END-- [ RunTime:0.000449s ]
SQL: SHOW COLUMNS FROM `fk_auth_group_access` [ RunTime:0.0191s ]
SQL: SELECT `uid`,`group_id`,`title`,`rules` FROM fk_auth_group_access a INNER JOIN fk_auth_group g on a.group_id=g.id  WHERE ( a.uid='94' and g.status='1' )  [ RunTime:0.0005s ]
SQL: SHOW COLUMNS FROM `fk_auth_rule` [ RunTime:0.0090s ]
SQL: SELECT `condition`,`name` FROM `fk_auth_rule` WHERE `id` IN ('126','127','130','131','132','137','133','128','129') AND `type` = 1 AND `status` = 1  [ RunTime:0.0003s ]
NOTIC: [2048] Declaration of Common\Model\AdminNavModel::getTreeData() should be compatible with Common\Model\BaseModel::getTreeData($type = 'tree', $order = '', $name = 'name', $child = 'id', $parent = 'pid') E:\server\fk\Application\Common\Model\AdminNavModel.class.php 第 7 行.
SQL: SHOW COLUMNS FROM `fk_admin_nav` [ RunTime:0.0100s ]
SQL: SELECT * FROM `fk_admin_nav` ORDER BY order_number is null,`order_number`,`id`  [ RunTime:0.0005s ]
SQL: SHOW COLUMNS FROM `fk_info` [ RunTime:0.0074s ]
SQL: SELECT COUNT(*) AS tp_count FROM `fk_info` WHERE (  type = 1 AND uid = 94 ) LIMIT 1   [ RunTime:0.0003s ]
NOTIC: [2048] Only variables should be passed by reference E:\server\fk\ThinkPHP\Library\Think\Db\Driver.class.php 第 769 行.
SQL: SELECT * FROM `fk_info` WHERE (  type = 1 AND uid = 94 ) ORDER BY `time` desc LIMIT 0,2   [ RunTime:0.0005s ]
SQL: SELECT COUNT(*) AS tp_count FROM `fk_info` WHERE ( uid = 94 AND type IN(3,4) ) LIMIT 1   [ RunTime:0.0004s ]
NOTIC: [2048] Only variables should be passed by reference E:\server\fk\ThinkPHP\Library\Think\Db\Driver.class.php 第 769 行.
SQL: SELECT * FROM `fk_info` WHERE ( uid = 94 AND type IN(3,4) ) ORDER BY `time` desc LIMIT 0,2   [ RunTime:0.0004s ]
INFO: [ view_parse ] --START--
INFO: [ template_filter ] --START--
INFO: Run Behavior\ContentReplaceBehavior [ RunTime:0.000149s ]
INFO: [ template_filter ] --END-- [ RunTime:0.000180s ]
INFO: Run Behavior\ParseTemplateBehavior [ RunTime:0.011049s ]
INFO: [ view_parse ] --END-- [ RunTime:0.011096s ]
INFO: [ view_filter ] --START--
INFO: Run Behavior\WriteHtmlCacheBehavior [ RunTime:0.000310s ]
INFO: [ view_filter ] --END-- [ RunTime:0.000334s ]
INFO: [ app_end ] --START--
INFO: Run Behavior\ShowPageTraceBehavior [ RunTime:0.000513s ]
INFO: [ app_end ] --END-- [ RunTime:0.000558s ]

[ 2017-09-19T09:11:49+08:00 ] 127.0.0.1 /Admin/Card/sell/p/2
INFO: [ app_init ] --START--
INFO: Run Behavior\BuildLiteBehavior [ RunTime:0.000008s ]
INFO: [ app_init ] --END-- [ RunTime:0.000342s ]
INFO: [ app_begin ] --START--
INFO: Run Behavior\ReadHtmlCacheBehavior [ RunTime:0.000379s ]
INFO: [ app_begin ] --END-- [ RunTime:0.000408s ]
SQL: SHOW COLUMNS FROM `fk_auth_group_access` [ RunTime:0.0099s ]
SQL: SELECT `uid`,`group_id`,`title`,`rules` FROM fk_auth_group_access a INNER JOIN fk_auth_group g on a.group_id=g.id  WHERE ( a.uid='94' and g.status='1' )  [ RunTime:0.0004s ]
SQL: SHOW COLUMNS FROM `fk_auth_rule` [ RunTime:0.0075s ]
SQL: SELECT `condition`,`name` FROM `fk_auth_rule` WHERE `id` IN ('126','127','130','131','132','137','133','128','129') AND `type` = 1 AND `status` = 1  [ RunTime:0.0003s ]
NOTIC: [2048] Declaration of Common\Model\AdminNavModel::getTreeData() should be compatible with Common\Model\BaseModel::getTreeData($type = 'tree', $order = '', $name = 'name', $child = 'id', $parent = 'pid') E:\server\fk\Application\Common\Model\AdminNavModel.class.php 第 7 行.
SQL: SHOW COLUMNS FROM `fk_admin_nav` [ RunTime:0.0078s ]
SQL: SELECT * FROM `fk_admin_nav` ORDER BY order_number is null,`order_number`,`id`  [ RunTime:0.0004s ]
SQL: SHOW COLUMNS FROM `fk_info` [ RunTime:0.0103s ]
SQL: SELECT COUNT(*) AS tp_count FROM `fk_info` WHERE (  type = 1 AND uid = 94 ) LIMIT 1   [ RunTime:0.0002s ]
NOTIC: [2048] Only variables should be passed by reference E:\server\fk\ThinkPHP\Library\Think\Db\Driver.class.php 第 769 行.
SQL: SELECT * FROM `fk_info` WHERE (  type = 1 AND uid = 94 ) ORDER BY `time` desc LIMIT 2,2   [ RunTime:0.0003s ]
SQL: SELECT COUNT(*) AS tp_count FROM `fk_info` WHERE ( uid = 94 AND type IN(3,4) ) LIMIT 1   [ RunTime:0.0002s ]
NOTIC: [2048] Only variables should be passed by reference E:\server\fk\ThinkPHP\Library\Think\Db\Driver.class.php 第 769 行.
SQL: SELECT * FROM `fk_info` WHERE ( uid = 94 AND type IN(3,4) ) ORDER BY `time` desc LIMIT 2,2   [ RunTime:0.0002s ]
INFO: [ view_parse ] --START--
INFO: [ template_filter ] --START--
INFO: Run Behavior\ContentReplaceBehavior [ RunTime:0.000149s ]
INFO: [ template_filter ] --END-- [ RunTime:0.000179s ]
INFO: Run Behavior\ParseTemplateBehavior [ RunTime:0.009937s ]
INFO: [ view_parse ] --END-- [ RunTime:0.009979s ]
INFO: [ view_filter ] --START--
INFO: Run Behavior\WriteHtmlCacheBehavior [ RunTime:0.000398s ]
INFO: [ view_filter ] --END-- [ RunTime:0.000426s ]
INFO: [ app_end ] --START--
INFO: Run Behavior\ShowPageTraceBehavior [ RunTime:0.000636s ]
INFO: [ app_end ] --END-- [ RunTime:0.000681s ]

[ 2017-09-19T09:11:51+08:00 ] 127.0.0.1 /Admin/Card/sell/p/1
INFO: [ app_init ] --START--
INFO: Run Behavior\BuildLiteBehavior [ RunTime:0.000009s ]
INFO: [ app_init ] --END-- [ RunTime:0.000448s ]
INFO: [ app_begin ] --START--
INFO: Run Behavior\ReadHtmlCacheBehavior [ RunTime:0.000514s ]
INFO: [ app_begin ] --END-- [ RunTime:0.000570s ]
SQL: SHOW COLUMNS FROM `fk_auth_group_access` [ RunTime:0.0097s ]
SQL: SELECT `uid`,`group_id`,`title`,`rules` FROM fk_auth_group_access a INNER JOIN fk_auth_group g on a.group_id=g.id  WHERE ( a.uid='94' and g.status='1' )  [ RunTime:0.0004s ]
SQL: SHOW COLUMNS FROM `fk_auth_rule` [ RunTime:0.0082s ]
SQL: SELECT `condition`,`name` FROM `fk_auth_rule` WHERE `id` IN ('126','127','130','131','132','137','133','128','129') AND `type` = 1 AND `status` = 1  [ RunTime:0.0004s ]
NOTIC: [2048] Declaration of Common\Model\AdminNavModel::getTreeData() should be compatible with Common\Model\BaseModel::getTreeData($type = 'tree', $order = '', $name = 'name', $child = 'id', $parent = 'pid') E:\server\fk\Application\Common\Model\AdminNavModel.class.php 第 7 行.
SQL: SHOW COLUMNS FROM `fk_admin_nav` [ RunTime:0.0091s ]
SQL: SELECT * FROM `fk_admin_nav` ORDER BY order_number is null,`order_number`,`id`  [ RunTime:0.0003s ]
SQL: SHOW COLUMNS FROM `fk_info` [ RunTime:0.0089s ]
SQL: SELECT COUNT(*) AS tp_count FROM `fk_info` WHERE (  type = 1 AND uid = 94 ) LIMIT 1   [ RunTime:0.0003s ]
NOTIC: [2048] Only variables should be passed by reference E:\server\fk\ThinkPHP\Library\Think\Db\Driver.class.php 第 769 行.
SQL: SELECT * FROM `fk_info` WHERE (  type = 1 AND uid = 94 ) ORDER BY `time` desc LIMIT 0,2   [ RunTime:0.0004s ]
SQL: SELECT COUNT(*) AS tp_count FROM `fk_info` WHERE ( uid = 94 AND type IN(3,4) ) LIMIT 1   [ RunTime:0.0003s ]
NOTIC: [2048] Only variables should be passed by reference E:\server\fk\ThinkPHP\Library\Think\Db\Driver.class.php 第 769 行.
SQL: SELECT * FROM `fk_info` WHERE ( uid = 94 AND type IN(3,4) ) ORDER BY `time` desc LIMIT 0,2   [ RunTime:0.0003s ]
INFO: [ view_parse ] --START--
INFO: [ template_filter ] --START--
INFO: Run Behavior\ContentReplaceBehavior [ RunTime:0.000148s ]
INFO: [ template_filter ] --END-- [ RunTime:0.000179s ]
INFO: Run Behavior\ParseTemplateBehavior [ RunTime:0.011897s ]
INFO: [ view_parse ] --END-- [ RunTime:0.011939s ]
INFO: [ view_filter ] --START--
INFO: Run Behavior\WriteHtmlCacheBehavior [ RunTime:0.000440s ]
INFO: [ view_filter ] --END-- [ RunTime:0.000473s ]
INFO: [ app_end ] --START--
INFO: Run Behavior\ShowPageTraceBehavior [ RunTime:0.000450s ]
INFO: [ app_end ] --END-- [ RunTime:0.000479s ]

[ 2017-09-19T09:11:52+08:00 ] 127.0.0.1 /Admin/Card/play
INFO: [ app_init ] --START--
INFO: Run Behavior\BuildLiteBehavior [ RunTime:0.000007s ]
INFO: [ app_init ] --END-- [ RunTime:0.000383s ]
INFO: [ app_begin ] --START--
INFO: Run Behavior\ReadHtmlCacheBehavior [ RunTime:0.000459s ]
INFO: [ app_begin ] --END-- [ RunTime:0.000492s ]
SQL: SHOW COLUMNS FROM `fk_auth_group_access` [ RunTime:0.0072s ]
SQL: SELECT `uid`,`group_id`,`title`,`rules` FROM fk_auth_group_access a INNER JOIN fk_auth_group g on a.group_id=g.id  WHERE ( a.uid='94' and g.status='1' )  [ RunTime:0.0004s ]
SQL: SHOW COLUMNS FROM `fk_auth_rule` [ RunTime:0.0108s ]
SQL: SELECT `condition`,`name` FROM `fk_auth_rule` WHERE `id` IN ('126','127','130','131','132','137','133','128','129') AND `type` = 1 AND `status` = 1  [ RunTime:0.0004s ]
NOTIC: [2048] Declaration of Common\Model\AdminNavModel::getTreeData() should be compatible with Common\Model\BaseModel::getTreeData($type = 'tree', $order = '', $name = 'name', $child = 'id', $parent = 'pid') E:\server\fk\Application\Common\Model\AdminNavModel.class.php 第 7 行.
SQL: SHOW COLUMNS FROM `fk_admin_nav` [ RunTime:0.0105s ]
SQL: SELECT * FROM `fk_admin_nav` ORDER BY order_number is null,`order_number`,`id`  [ RunTime:0.0006s ]
SQL: SHOW COLUMNS FROM `fk_users` [ RunTime:0.0078s ]
SQL: SELECT * FROM `fk_users` WHERE ( id=94 ) LIMIT 1   [ RunTime:0.0004s ]
INFO: [ view_parse ] --START--
INFO: [ template_filter ] --START--
INFO: Run Behavior\ContentReplaceBehavior [ RunTime:0.000184s ]
INFO: [ template_filter ] --END-- [ RunTime:0.000235s ]
NOTIC: [8] Use of undefined constant sell - assumed 'sell' E:\server\fk\Runtime\Cache\Admin\a4eb6650b216e0115daaeab62d792050.php 第 246 行.
INFO: Run Behavior\ParseTemplateBehavior [ RunTime:0.010148s ]
INFO: [ view_parse ] --END-- [ RunTime:0.010180s ]
INFO: [ view_filter ] --START--
INFO: Run Behavior\WriteHtmlCacheBehavior [ RunTime:0.000445s ]
INFO: [ view_filter ] --END-- [ RunTime:0.000469s ]
INFO: [ app_end ] --START--
INFO: Run Behavior\ShowPageTraceBehavior [ RunTime:0.000426s ]
INFO: [ app_end ] --END-- [ RunTime:0.000458s ]

[ 2017-09-19T09:11:55+08:00 ] 127.0.0.1 /Admin/Card/sale
INFO: [ app_init ] --START--
INFO: Run Behavior\BuildLiteBehavior [ RunTime:0.000008s ]
INFO: [ app_init ] --END-- [ RunTime:0.000384s ]
INFO: [ app_begin ] --START--
INFO: Run Behavior\ReadHtmlCacheBehavior [ RunTime:0.000426s ]
INFO: [ app_begin ] --END-- [ RunTime:0.000458s ]
SQL: SHOW COLUMNS FROM `fk_auth_group_access` [ RunTime:0.0241s ]
SQL: SELECT `uid`,`group_id`,`title`,`rules` FROM fk_auth_group_access a INNER JOIN fk_auth_group g on a.group_id=g.id  WHERE ( a.uid='94' and g.status='1' )  [ RunTime:0.0004s ]
SQL: SHOW COLUMNS FROM `fk_auth_rule` [ RunTime:0.0508s ]
SQL: SELECT `condition`,`name` FROM `fk_auth_rule` WHERE `id` IN ('126','127','130','131','132','137','133','128','129') AND `type` = 1 AND `status` = 1  [ RunTime:0.0009s ]
NOTIC: [2048] Declaration of Common\Model\AdminNavModel::getTreeData() should be compatible with Common\Model\BaseModel::getTreeData($type = 'tree', $order = '', $name = 'name', $child = 'id', $parent = 'pid') E:\server\fk\Application\Common\Model\AdminNavModel.class.php 第 7 行.
SQL: SHOW COLUMNS FROM `fk_admin_nav` [ RunTime:0.0253s ]
SQL: SELECT * FROM `fk_admin_nav` ORDER BY order_number is null,`order_number`,`id`  [ RunTime:0.0009s ]
SQL: SHOW COLUMNS FROM `fk_users` [ RunTime:0.0155s ]
SQL: SELECT * FROM `fk_users` WHERE ( id=94 ) LIMIT 1   [ RunTime:0.0006s ]
INFO: [ view_parse ] --START--
INFO: [ template_filter ] --START--
INFO: Run Behavior\ContentReplaceBehavior [ RunTime:0.000290s ]
INFO: [ template_filter ] --END-- [ RunTime:0.000352s ]
NOTIC: [8] Use of undefined constant sell - assumed 'sell' E:\server\fk\Runtime\Cache\Admin\9af5fe54b37bca0cbd1be6a56f3aa234.php 第 246 行.
INFO: Run Behavior\ParseTemplateBehavior [ RunTime:0.017657s ]
INFO: [ view_parse ] --END-- [ RunTime:0.017719s ]
INFO: [ view_filter ] --START--
INFO: Run Behavior\WriteHtmlCacheBehavior [ RunTime:0.000583s ]
INFO: [ view_filter ] --END-- [ RunTime:0.000622s ]
INFO: [ app_end ] --START--
INFO: Run Behavior\ShowPageTraceBehavior [ RunTime:0.000576s ]
INFO: [ app_end ] --END-- [ RunTime:0.000618s ]

[ 2017-09-19T09:11:56+08:00 ] 127.0.0.1 /Admin/Card/index
INFO: [ app_init ] --START--
INFO: Run Behavior\BuildLiteBehavior [ RunTime:0.000008s ]
INFO: [ app_init ] --END-- [ RunTime:0.000384s ]
INFO: [ app_begin ] --START--
INFO: Run Behavior\ReadHtmlCacheBehavior [ RunTime:0.000346s ]
INFO: [ app_begin ] --END-- [ RunTime:0.000377s ]
SQL: SHOW COLUMNS FROM `fk_auth_group_access` [ RunTime:0.0092s ]
SQL: SELECT `uid`,`group_id`,`title`,`rules` FROM fk_auth_group_access a INNER JOIN fk_auth_group g on a.group_id=g.id  WHERE ( a.uid='94' and g.status='1' )  [ RunTime:0.0004s ]
SQL: SHOW COLUMNS FROM `fk_auth_rule` [ RunTime:0.0081s ]
SQL: SELECT `condition`,`name` FROM `fk_auth_rule` WHERE `id` IN ('126','127','130','131','132','137','133','128','129') AND `type` = 1 AND `status` = 1  [ RunTime:0.0004s ]
NOTIC: [2048] Declaration of Common\Model\AdminNavModel::getTreeData() should be compatible with Common\Model\BaseModel::getTreeData($type = 'tree', $order = '', $name = 'name', $child = 'id', $parent = 'pid') E:\server\fk\Application\Common\Model\AdminNavModel.class.php 第 7 行.
SQL: SHOW COLUMNS FROM `fk_admin_nav` [ RunTime:0.0077s ]
SQL: SELECT * FROM `fk_admin_nav` ORDER BY order_number is null,`order_number`,`id`  [ RunTime:0.0004s ]
SQL: SHOW COLUMNS FROM `fk_info` [ RunTime:0.0104s ]
SQL: SELECT COUNT(*) AS tp_count FROM `fk_info` WHERE (  type = 2 AND uid = 94 ) LIMIT 1   [ RunTime:0.0002s ]
NOTIC: [2048] Only variables should be passed by reference E:\server\fk\ThinkPHP\Library\Think\Db\Driver.class.php 第 769 行.
SQL: SELECT * FROM `fk_info` WHERE (  type = 2 AND uid = 94 ) ORDER BY `time` desc LIMIT 0,2   [ RunTime:0.0003s ]
INFO: [ view_parse ] --START--
INFO: [ template_filter ] --START--
INFO: Run Behavior\ContentReplaceBehavior [ RunTime:0.000137s ]
INFO: [ template_filter ] --END-- [ RunTime:0.000168s ]
INFO: Run Behavior\ParseTemplateBehavior [ RunTime:0.009792s ]
INFO: [ view_parse ] --END-- [ RunTime:0.009836s ]
INFO: [ view_filter ] --START--
INFO: Run Behavior\WriteHtmlCacheBehavior [ RunTime:0.000421s ]
INFO: [ view_filter ] --END-- [ RunTime:0.000446s ]
INFO: [ app_end ] --START--
INFO: Run Behavior\ShowPageTraceBehavior [ RunTime:0.000415s ]
INFO: [ app_end ] --END-- [ RunTime:0.000444s ]

[ 2017-09-19T09:11:57+08:00 ] 127.0.0.1 /Admin/Card/sale
INFO: [ app_init ] --START--
INFO: Run Behavior\BuildLiteBehavior [ RunTime:0.000009s ]
INFO: [ app_init ] --END-- [ RunTime:0.000275s ]
INFO: [ app_begin ] --START--
INFO: Run Behavior\ReadHtmlCacheBehavior [ RunTime:0.000324s ]
INFO: [ app_begin ] --END-- [ RunTime:0.000356s ]
SQL: SHOW COLUMNS FROM `fk_auth_group_access` [ RunTime:0.0076s ]
SQL: SELECT `uid`,`group_id`,`title`,`rules` FROM fk_auth_group_access a INNER JOIN fk_auth_group g on a.group_id=g.id  WHERE ( a.uid='94' and g.status='1' )  [ RunTime:0.0003s ]
SQL: SHOW COLUMNS FROM `fk_auth_rule` [ RunTime:0.0103s ]
SQL: SELECT `condition`,`name` FROM `fk_auth_rule` WHERE `id` IN ('126','127','130','131','132','137','133','128','129') AND `type` = 1 AND `status` = 1  [ RunTime:0.0003s ]
NOTIC: [2048] Declaration of Common\Model\AdminNavModel::getTreeData() should be compatible with Common\Model\BaseModel::getTreeData($type = 'tree', $order = '', $name = 'name', $child = 'id', $parent = 'pid') E:\server\fk\Application\Common\Model\AdminNavModel.class.php 第 7 行.
SQL: SHOW COLUMNS FROM `fk_admin_nav` [ RunTime:0.0081s ]
SQL: SELECT * FROM `fk_admin_nav` ORDER BY order_number is null,`order_number`,`id`  [ RunTime:0.0006s ]
SQL: SHOW COLUMNS FROM `fk_users` [ RunTime:0.0084s ]
SQL: SELECT * FROM `fk_users` WHERE ( id=94 ) LIMIT 1   [ RunTime:0.0003s ]
INFO: [ view_parse ] --START--
INFO: [ template_filter ] --START--
INFO: Run Behavior\ContentReplaceBehavior [ RunTime:0.000147s ]
INFO: [ template_filter ] --END-- [ RunTime:0.000188s ]
NOTIC: [8] Use of undefined constant sell - assumed 'sell' E:\server\fk\Runtime\Cache\Admin\9af5fe54b37bca0cbd1be6a56f3aa234.php 第 246 行.
INFO: Run Behavior\ParseTemplateBehavior [ RunTime:0.009822s ]
INFO: [ view_parse ] --END-- [ RunTime:0.009854s ]
INFO: [ view_filter ] --START--
INFO: Run Behavior\WriteHtmlCacheBehavior [ RunTime:0.000235s ]
INFO: [ view_filter ] --END-- [ RunTime:0.000255s ]
INFO: [ app_end ] --START--
INFO: Run Behavior\ShowPageTraceBehavior [ RunTime:0.000601s ]
INFO: [ app_end ] --END-- [ RunTime:0.000642s ]

[ 2017-09-19T09:11:58+08:00 ] 127.0.0.1 /Admin/Card/play
INFO: [ app_init ] --START--
INFO: Run Behavior\BuildLiteBehavior [ RunTime:0.000010s ]
INFO: [ app_init ] --END-- [ RunTime:0.000430s ]
INFO: [ app_begin ] --START--
INFO: Run Behavior\ReadHtmlCacheBehavior [ RunTime:0.000506s ]
INFO: [ app_begin ] --END-- [ RunTime:0.000544s ]
SQL: SHOW COLUMNS FROM `fk_auth_group_access` [ RunTime:0.0072s ]
SQL: SELECT `uid`,`group_id`,`title`,`rules` FROM fk_auth_group_access a INNER JOIN fk_auth_group g on a.group_id=g.id  WHERE ( a.uid='94' and g.status='1' )  [ RunTime:0.0003s ]
SQL: SHOW COLUMNS FROM `fk_auth_rule` [ RunTime:0.0108s ]
SQL: SELECT `condition`,`name` FROM `fk_auth_rule` WHERE `id` IN ('126','127','130','131','132','137','133','128','129') AND `type` = 1 AND `status` = 1  [ RunTime:0.0004s ]
NOTIC: [2048] Declaration of Common\Model\AdminNavModel::getTreeData() should be compatible with Common\Model\BaseModel::getTreeData($type = 'tree', $order = '', $name = 'name', $child = 'id', $parent = 'pid') E:\server\fk\Application\Common\Model\AdminNavModel.class.php 第 7 行.
SQL: SHOW COLUMNS FROM `fk_admin_nav` [ RunTime:0.0097s ]
SQL: SELECT * FROM `fk_admin_nav` ORDER BY order_number is null,`order_number`,`id`  [ RunTime:0.0008s ]
SQL: SHOW COLUMNS FROM `fk_users` [ RunTime:0.0079s ]
SQL: SELECT * FROM `fk_users` WHERE ( id=94 ) LIMIT 1   [ RunTime:0.0004s ]
INFO: [ view_parse ] --START--
INFO: [ template_filter ] --START--
INFO: Run Behavior\ContentReplaceBehavior [ RunTime:0.000137s ]
INFO: [ template_filter ] --END-- [ RunTime:0.000172s ]
NOTIC: [8] Use of undefined constant sell - assumed 'sell' E:\server\fk\Runtime\Cache\Admin\a4eb6650b216e0115daaeab62d792050.php 第 246 行.
INFO: Run Behavior\ParseTemplateBehavior [ RunTime:0.010395s ]
INFO: [ view_parse ] --END-- [ RunTime:0.010422s ]
INFO: [ view_filter ] --START--
INFO: Run Behavior\WriteHtmlCacheBehavior [ RunTime:0.000327s ]
INFO: [ view_filter ] --END-- [ RunTime:0.000349s ]
INFO: [ app_end ] --START--
INFO: Run Behavior\ShowPageTraceBehavior [ RunTime:0.000429s ]
INFO: [ app_end ] --END-- [ RunTime:0.000463s ]

[ 2017-09-19T09:11:59+08:00 ] 127.0.0.1 /Admin/Card/index
INFO: [ app_init ] --START--
INFO: Run Behavior\BuildLiteBehavior [ RunTime:0.000010s ]
INFO: [ app_init ] --END-- [ RunTime:0.000529s ]
INFO: [ app_begin ] --START--
INFO: Run Behavior\ReadHtmlCacheBehavior [ RunTime:0.000433s ]
INFO: [ app_begin ] --END-- [ RunTime:0.000480s ]
SQL: SHOW COLUMNS FROM `fk_auth_group_access` [ RunTime:0.0075s ]
SQL: SELECT `uid`,`group_id`,`title`,`rules` FROM fk_auth_group_access a INNER JOIN fk_auth_group g on a.group_id=g.id  WHERE ( a.uid='94' and g.status='1' )  [ RunTime:0.0006s ]
SQL: SHOW COLUMNS FROM `fk_auth_rule` [ RunTime:0.0088s ]
SQL: SELECT `condition`,`name` FROM `fk_auth_rule` WHERE `id` IN ('126','127','130','131','132','137','133','128','129') AND `type` = 1 AND `status` = 1  [ RunTime:0.0004s ]
NOTIC: [2048] Declaration of Common\Model\AdminNavModel::getTreeData() should be compatible with Common\Model\BaseModel::getTreeData($type = 'tree', $order = '', $name = 'name', $child = 'id', $parent = 'pid') E:\server\fk\Application\Common\Model\AdminNavModel.class.php 第 7 行.
SQL: SHOW COLUMNS FROM `fk_admin_nav` [ RunTime:0.0089s ]
SQL: SELECT * FROM `fk_admin_nav` ORDER BY order_number is null,`order_number`,`id`  [ RunTime:0.0004s ]
SQL: SHOW COLUMNS FROM `fk_info` [ RunTime:0.0081s ]
SQL: SELECT COUNT(*) AS tp_count FROM `fk_info` WHERE (  type = 2 AND uid = 94 ) LIMIT 1   [ RunTime:0.0003s ]
NOTIC: [2048] Only variables should be passed by reference E:\server\fk\ThinkPHP\Library\Think\Db\Driver.class.php 第 769 行.
SQL: SELECT * FROM `fk_info` WHERE (  type = 2 AND uid = 94 ) ORDER BY `time` desc LIMIT 0,2   [ RunTime:0.0004s ]
INFO: [ view_parse ] --START--
INFO: [ template_filter ] --START--
INFO: Run Behavior\ContentReplaceBehavior [ RunTime:0.000131s ]
INFO: [ template_filter ] --END-- [ RunTime:0.000161s ]
INFO: Run Behavior\ParseTemplateBehavior [ RunTime:0.009916s ]
INFO: [ view_parse ] --END-- [ RunTime:0.009950s ]
INFO: [ view_filter ] --START--
INFO: Run Behavior\WriteHtmlCacheBehavior [ RunTime:0.000251s ]
INFO: [ view_filter ] --END-- [ RunTime:0.000275s ]
INFO: [ app_end ] --START--
INFO: Run Behavior\ShowPageTraceBehavior [ RunTime:0.000472s ]
INFO: [ app_end ] --END-- [ RunTime:0.000505s ]

[ 2017-09-19T09:12:01+08:00 ] 127.0.0.1 /Admin/Index/index
INFO: [ app_init ] --START--
INFO: Run Behavior\BuildLiteBehavior [ RunTime:0.000008s ]
INFO: [ app_init ] --END-- [ RunTime:0.000345s ]
INFO: [ app_begin ] --START--
INFO: Run Behavior\ReadHtmlCacheBehavior [ RunTime:0.000390s ]
INFO: [ app_begin ] --END-- [ RunTime:0.000422s ]
SQL: SHOW COLUMNS FROM `fk_auth_group_access` [ RunTime:0.0107s ]
SQL: SELECT `uid`,`group_id`,`title`,`rules` FROM fk_auth_group_access a INNER JOIN fk_auth_group g on a.group_id=g.id  WHERE ( a.uid='94' and g.status='1' )  [ RunTime:0.0003s ]
SQL: SHOW COLUMNS FROM `fk_auth_rule` [ RunTime:0.0073s ]
SQL: SELECT `condition`,`name` FROM `fk_auth_rule` WHERE `id` IN ('126','127','130','131','132','137','133','128','129') AND `type` = 1 AND `status` = 1  [ RunTime:0.0004s ]
NOTIC: [2048] Declaration of Common\Model\AdminNavModel::getTreeData() should be compatible with Common\Model\BaseModel::getTreeData($type = 'tree', $order = '', $name = 'name', $child = 'id', $parent = 'pid') E:\server\fk\Application\Common\Model\AdminNavModel.class.php 第 7 行.
SQL: SHOW COLUMNS FROM `fk_admin_nav` [ RunTime:0.0107s ]
SQL: SELECT * FROM `fk_admin_nav` ORDER BY order_number is null,`order_number`,`id`  [ RunTime:0.0003s ]
SQL: SHOW COLUMNS FROM `fk_users` [ RunTime:0.0094s ]
SQL: SELECT * FROM `fk_users` WHERE ( id=94 ) LIMIT 1   [ RunTime:0.0004s ]
SQL: SHOW COLUMNS FROM `fk_info` [ RunTime:0.0074s ]
SQL: SELECT SUM(num) AS tp_sum FROM `fk_info` WHERE `uid` = 94 AND `type` = 2 LIMIT 1   [ RunTime:0.0003s ]
SQL: SELECT * FROM `fk_users` WHERE ( code=100001 ) LIMIT 1   [ RunTime:0.0003s ]
INFO: [ view_parse ] --START--
INFO: [ template_filter ] --START--
INFO: Run Behavior\ContentReplaceBehavior [ RunTime:0.000151s ]
INFO: [ template_filter ] --END-- [ RunTime:0.000181s ]
INFO: Run Behavior\ParseTemplateBehavior [ RunTime:0.009175s ]
INFO: [ view_parse ] --END-- [ RunTime:0.009211s ]
INFO: [ view_filter ] --START--
INFO: Run Behavior\WriteHtmlCacheBehavior [ RunTime:0.000342s ]
INFO: [ view_filter ] --END-- [ RunTime:0.000365s ]
INFO: [ app_end ] --START--
INFO: Run Behavior\ShowPageTraceBehavior [ RunTime:0.000417s ]
INFO: [ app_end ] --END-- [ RunTime:0.000446s ]

[ 2017-09-19T09:12:03+08:00 ] 127.0.0.1 /Admin/Index/index
INFO: [ app_init ] --START--
INFO: Run Behavior\BuildLiteBehavior [ RunTime:0.000008s ]
INFO: [ app_init ] --END-- [ RunTime:0.000397s ]
INFO: [ app_begin ] --START--
INFO: Run Behavior\ReadHtmlCacheBehavior [ RunTime:0.000430s ]
INFO: [ app_begin ] --END-- [ RunTime:0.000461s ]
SQL: SHOW COLUMNS FROM `fk_auth_group_access` [ RunTime:0.0081s ]
SQL: SELECT `uid`,`group_id`,`title`,`rules` FROM fk_auth_group_access a INNER JOIN fk_auth_group g on a.group_id=g.id  WHERE ( a.uid='94' and g.status='1' )  [ RunTime:0.0006s ]
SQL: SHOW COLUMNS FROM `fk_auth_rule` [ RunTime:0.0070s ]
SQL: SELECT `condition`,`name` FROM `fk_auth_rule` WHERE `id` IN ('126','127','130','131','132','137','133','128','129') AND `type` = 1 AND `status` = 1  [ RunTime:0.0004s ]
NOTIC: [2048] Declaration of Common\Model\AdminNavModel::getTreeData() should be compatible with Common\Model\BaseModel::getTreeData($type = 'tree', $order = '', $name = 'name', $child = 'id', $parent = 'pid') E:\server\fk\Application\Common\Model\AdminNavModel.class.php 第 7 行.
SQL: SHOW COLUMNS FROM `fk_admin_nav` [ RunTime:0.0072s ]
SQL: SELECT * FROM `fk_admin_nav` ORDER BY order_number is null,`order_number`,`id`  [ RunTime:0.0003s ]
SQL: SHOW COLUMNS FROM `fk_users` [ RunTime:0.0073s ]
SQL: SELECT * FROM `fk_users` WHERE ( id=94 ) LIMIT 1   [ RunTime:0.0003s ]
SQL: SHOW COLUMNS FROM `fk_info` [ RunTime:0.0077s ]
SQL: SELECT SUM(num) AS tp_sum FROM `fk_info` WHERE `uid` = 94 AND `type` = 2 LIMIT 1   [ RunTime:0.0003s ]
SQL: SELECT * FROM `fk_users` WHERE ( code=100001 ) LIMIT 1   [ RunTime:0.0003s ]
INFO: [ view_parse ] --START--
INFO: [ template_filter ] --START--
INFO: Run Behavior\ContentReplaceBehavior [ RunTime:0.000155s ]
INFO: [ template_filter ] --END-- [ RunTime:0.000186s ]
INFO: Run Behavior\ParseTemplateBehavior [ RunTime:0.009285s ]
INFO: [ view_parse ] --END-- [ RunTime:0.009322s ]
INFO: [ view_filter ] --START--
INFO: Run Behavior\WriteHtmlCacheBehavior [ RunTime:0.000376s ]
INFO: [ view_filter ] --END-- [ RunTime:0.000399s ]
INFO: [ app_end ] --START--
INFO: Run Behavior\ShowPageTraceBehavior [ RunTime:0.000408s ]
INFO: [ app_end ] --END-- [ RunTime:0.000437s ]

[ 2017-09-19T09:13:18+08:00 ] 127.0.0.1 /Admin/Card/sale
INFO: [ app_init ] --START--
INFO: Run Behavior\BuildLiteBehavior [ RunTime:0.000008s ]
INFO: [ app_init ] --END-- [ RunTime:0.000346s ]
INFO: [ app_begin ] --START--
INFO: Run Behavior\ReadHtmlCacheBehavior [ RunTime:0.000457s ]
INFO: [ app_begin ] --END-- [ RunTime:0.000489s ]
SQL: SHOW COLUMNS FROM `fk_auth_group_access` [ RunTime:0.0089s ]
SQL: SELECT `uid`,`group_id`,`title`,`rules` FROM fk_auth_group_access a INNER JOIN fk_auth_group g on a.group_id=g.id  WHERE ( a.uid='94' and g.status='1' )  [ RunTime:0.0004s ]
SQL: SHOW COLUMNS FROM `fk_auth_rule` [ RunTime:0.0072s ]
SQL: SELECT `condition`,`name` FROM `fk_auth_rule` WHERE `id` IN ('126','127','130','131','132','137','133','128','129') AND `type` = 1 AND `status` = 1  [ RunTime:0.0006s ]
NOTIC: [2048] Declaration of Common\Model\AdminNavModel::getTreeData() should be compatible with Common\Model\BaseModel::getTreeData($type = 'tree', $order = '', $name = 'name', $child = 'id', $parent = 'pid') E:\server\fk\Application\Common\Model\AdminNavModel.class.php 第 7 行.
SQL: SHOW COLUMNS FROM `fk_admin_nav` [ RunTime:0.0082s ]
SQL: SELECT * FROM `fk_admin_nav` ORDER BY order_number is null,`order_number`,`id`  [ RunTime:0.0003s ]
SQL: SHOW COLUMNS FROM `fk_users` [ RunTime:0.0093s ]
SQL: SELECT * FROM `fk_users` WHERE ( id=94 ) LIMIT 1   [ RunTime:0.0004s ]
INFO: [ view_parse ] --START--
INFO: [ template_filter ] --START--
INFO: Run Behavior\ContentReplaceBehavior [ RunTime:0.000134s ]
INFO: [ template_filter ] --END-- [ RunTime:0.000161s ]
NOTIC: [8] Use of undefined constant sell - assumed 'sell' E:\server\fk\Runtime\Cache\Admin\9af5fe54b37bca0cbd1be6a56f3aa234.php 第 246 行.
INFO: Run Behavior\ParseTemplateBehavior [ RunTime:0.008355s ]
INFO: [ view_parse ] --END-- [ RunTime:0.008397s ]
INFO: [ view_filter ] --START--
INFO: Run Behavior\WriteHtmlCacheBehavior [ RunTime:0.000362s ]
INFO: [ view_filter ] --END-- [ RunTime:0.000384s ]
INFO: [ app_end ] --START--
INFO: Run Behavior\ShowPageTraceBehavior [ RunTime:0.000596s ]
INFO: [ app_end ] --END-- [ RunTime:0.000638s ]

